[LOG] System::create                           : Header version = 2.00.09. Current version = 2.00.09.
[LOG] Manager::init                            : maxchannels = 256 studioflags = 00000006 flags 00000000 extradriverdata 0000000000000000.
[LOG] SystemI::init                            : Initialize version=20009 (109255), maxchannels=256, flags=0x00020000
[LOG] SystemI::setOutputInternal               : Setting output to 'FMOD WASAPI Output'
[LOG] OutputWASAPI::init                       : Mix Format (WAVEFORMATEX): wFormatTag=0xFFFE, nChannels=2, nSamplesPerSec=44100, nAvgBytesPerSec=352800, nBlockAlign=8, wBitsPerSample=32, cbSize=22.
[LOG] OutputWASAPI::init                       : Mix Format (WAVEFORMATEXTENSIBLE): wValidBitsPerSample=32, dwChannelMask=0x00000003, SubFormat=00000003-0000-0010-8000-00AA00389B71.
[LOG] OutputWASAPI::init                       : Output buffer size: 3760 samples, latency: 0.00ms, period: 10.00ms, DSP buffer: 1024 * 4
[WRN] SystemI::init                            : Output requires a sample rate of 44100Hz, resampling will occur.
[LOG] Thread::initThread                       : Init FMOD stream thread. Priority: 2, Stack Size: 98304, Semaphore: No, Sleep Time: 10, Looping: Yes.
[LOG] Thread::initThread                       : Init FMOD mixer thread. Priority: 3, Stack Size: 81920, Semaphore: No, Sleep Time: 0, Looping: Yes.
[LOG] AsyncManager::init                       : manager 000001EFE2175728 isAsync 0 updatePeriod 0.02
[LOG] AsyncManager::init                       : done
[LOG] PlaybackSystem::init                     : 
[LOG] Thread::initThread                       : Init FMOD Studio sample load thread. Priority: 0, Stack Size: 98304, Semaphore: No, Sleep Time: 1, Looping: No.
[LOG] PlaybackSystem::init                     : done
[LOG] Thread::initThread                       : Init FMOD Studio bank load thread. Priority: 0, Stack Size: 98304, Semaphore: No, Sleep Time: 1, Looping: No.
[LOG] Manager::init                            : done.
[LOG] Manager::readBank                        : fileversion = 125, compatVersion = 119 (oldest = 44, newest = 125)
[LOG] Manager::readBank                        : fileversion = 125, compatVersion = 119 (oldest = 44, newest = 125)
[LOG] Manager::readBank                        : fileversion = 125, compatVersion = 119 (oldest = 44, newest = 125)
[LOG] Manager::readBank                        : fileversion = 125, compatVersion = 119 (oldest = 44, newest = 125)
[LOG] SystemI::createSound                     : filename = fmod\ProjectVrij1\Build\Desktop/Master.bank : mode 02010082
[LOG] SystemI::createSound                     : FMOD_NONBLOCKING specified.  Putting into queue to be opened asynchronously!
[LOG] SystemI::createSound                     : setdata soundi = 000001EFF4931ED8 : node = 000001EFF4E86BF0
[LOG] SystemI::createSound                     : add node to async list : head = 000001EFF4DB3968.  list count = 0
[LOG] AsyncThread::threadFunc                  : Starting Asynchronous operation on sound 000001EFF4931ED8
[LOG] SystemI::createSound                     : filename = fmod\ProjectVrij1\Build\Desktop/Master.bank : mode 02010082
[LOG] SystemI::createSoundInternal             :     Create name='fmod\ProjectVrij1\Build\Desktop/Master.bank', mode=0x02010082
[LOG] SystemI::createSound                     :     FMOD_NONBLOCKING specified.  Putting into queue to be opened asynchronously!
[LOG] SystemI::createSoundInternal             :     exinfo->cbsize             = 224
[LOG] SystemI::createSoundInternal             :     exinfo->length             = 1628320
[LOG] SystemI::createSoundInternal             :     exinfo->fileoffset         = 9504
[LOG] SystemI::createSoundInternal             :     exinfo->numsubsounds       = 1
[LOG] SystemI::createSoundInternal             :     exinfo->inclusionlist      = 000001EFF4E86D00
[LOG] SystemI::createSound                     :     setdata soundi = 000001EFE155C758 : node = 000001EFF4E86830
[LOG] SystemI::createSoundInternal             :     exinfo->inclusionlistnum   = 1
[LOG] SystemI::createSound                     :     add node to async list : head = 000001EFF4DB3968.  list count = 0
[LOG] SystemI::createSoundInternal             :     exinfo->suggestedsoundtype = 5
[LOG] SystemI::createSoundInternal             :     exinfo->initialseekpostype = 1
[LOG] SystemI::createSoundInternal             :     Stream 0/1: name='346642__inspectorj__rain-on-windows-interior-a', format=2, channels=2, frequency=48000, lengthbytes=396640, lengthpcm=1512850, pcmblocksize=0, loopstart=0, loopend=0, mode=0x00000000, channelmask=0x00000000, channelorder=0, peakvolume=0.154236.
[LOG] AsyncThread::threadFunc                  : Finished Asynchronous operation on sound 000001EFF4931ED8
[LOG] AsyncThread::threadFunc                  : Starting Asynchronous operation on sound 000001EFE155C758
[LOG] SystemI::createSoundInternal             :     Create name='fmod\ProjectVrij1\Build\Desktop/Master.bank', mode=0x02010082
[LOG] SystemI::createSoundInternal             :     exinfo->cbsize             = 224
[LOG] SystemI::createSoundInternal             :     exinfo->length             = 1628320
[LOG] SystemI::createSoundInternal             :     exinfo->fileoffset         = 9504
[LOG] SystemI::createSoundInternal             :     exinfo->numsubsounds       = 1
[LOG] SystemI::createSoundInternal             :     exinfo->inclusionlist      = 000001EFF4E86940
[LOG] SystemI::createSoundInternal             :     exinfo->inclusionlistnum   = 1
[LOG] SystemI::createSoundInternal             :     exinfo->suggestedsoundtype = 5
[LOG] SystemI::createSoundInternal             :     exinfo->initialseekpostype = 1
[LOG] SystemI::createSoundInternal             :     Stream 0/1: name='346642__inspectorj__rain-on-windows-interior-a', format=2, channels=2, frequency=48000, lengthbytes=396640, lengthpcm=1512850, pcmblocksize=0, loopstart=0, loopend=0, mode=0x00000000, channelmask=0x00000000, channelorder=0, peakvolume=0.154236.
[LOG] AsyncThread::threadFunc                  : Finished Asynchronous operation on sound 000001EFE155C758
[LOG] SoundI::getSubSound                      : sound 000001EFF4931ED8.  Subsound index 0 / 1
[LOG] SoundI::getSubSound                      : sound 000001EFE155C758.  Subsound index 0 / 1
[LOG] AsyncThread::threadFunc                  : Starting Asynchronous operation on sound 000001EFDC2CC5A8
[LOG] AsyncThread::threadFunc                  : Finished Asynchronous operation on sound 000001EFDC2CC5A8
[LOG] AsyncThread::threadFunc                  : Starting Asynchronous operation on sound 000001EFDC2CC908
[LOG] AsyncThread::threadFunc                  : Finished Asynchronous operation on sound 000001EFDC2CC908
[LOG] SoundI::release                          : 346642__inspectorj__rain-on-windows-interior-a (000001EFF4931D28)
[LOG] SoundI::release                          :     346642__inspectorj__rain-on-windows-interior-a (000001EFDC587108)
[LOG] SoundI::release                          :     346642__inspectorj__rain-on-windows-interior-a (000001EFE1170758)
[LOG] SoundI::release                          : 346642__inspectorj__rain-on-windows-interior-a (000001EFF4932238)
[LOG] SoundI::release                          :     346642__inspectorj__rain-on-windows-interior-a (000001EFDC588488)
[LOG] SoundI::release                          :     346642__inspectorj__rain-on-windows-interior-a (000001EFE11705A8)
[LOG] Manager::readBank                        : fileversion = 125, compatVersion = 119 (oldest = 44, newest = 125)
[LOG] Manager::readBank                        : fileversion = 125, compatVersion = 119 (oldest = 44, newest = 125)
[LOG] SystemI::createSound                     : filename = fmod\ProjectVrij1\Build\Desktop/Master.bank : mode 02010082
[LOG] SystemI::createSound                     : FMOD_NONBLOCKING specified.  Putting into queue to be opened asynchronously!
[LOG] SystemI::createSound                     : setdata soundi = 000001EFE155BEE8 : node = 000001EFF4E865B0
[LOG] SystemI::createSound                     : add node to async list : head = 000001EFF4DB3968.  list count = 0
[LOG] AsyncThread::threadFunc                  : Starting Asynchronous operation on sound 000001EFE155BEE8
[LOG] SystemI::createSound                     : filename = fmod\ProjectVrij1\Build\Desktop/Master.bank : mode 02010082
[LOG] SystemI::createSoundInternal             :     Create name='fmod\ProjectVrij1\Build\Desktop/Master.bank', mode=0x02010082
[LOG] SystemI::createSound                     :     FMOD_NONBLOCKING specified.  Putting into queue to be opened asynchronously!
[LOG] SystemI::createSoundInternal             :     exinfo->cbsize             = 224
[LOG] SystemI::createSound                     :     setdata soundi = 000001EFE155BD38 : node = 000001EFF4E866F0
[LOG] SystemI::createSoundInternal             :     exinfo->length             = 1628320
[LOG] SystemI::createSound                     :     add node to async list : head = 000001EFF4DB3968.  list count = 0
[LOG] SystemI::createSoundInternal             :     exinfo->fileoffset         = 9504
[LOG] SystemI::createSoundInternal             :     exinfo->numsubsounds       = 1
[LOG] SystemI::createSoundInternal             :     exinfo->inclusionlist      = 000001EFF4E866C0
[LOG] SystemI::createSoundInternal             :     exinfo->inclusionlistnum   = 1
[LOG] SystemI::createSoundInternal             :     exinfo->suggestedsoundtype = 5
[LOG] SystemI::createSoundInternal             :     exinfo->initialseekposition = 13062
[LOG] SystemI::createSoundInternal             :     exinfo->initialseekpostype = 1
[LOG] SystemI::createSoundInternal             :     Stream 0/1: name='346642__inspectorj__rain-on-windows-interior-a', format=2, channels=2, frequency=48000, lengthbytes=396640, lengthpcm=1512850, pcmblocksize=0, loopstart=0, loopend=0, mode=0x00000000, channelmask=0x00000000, channelorder=0, peakvolume=0.154236.
[LOG] AsyncThread::threadFunc                  : Finished Asynchronous operation on sound 000001EFE155BEE8
[LOG] AsyncThread::threadFunc                  : Starting Asynchronous operation on sound 000001EFE155BD38
[LOG] SystemI::createSoundInternal             :     Create name='fmod\ProjectVrij1\Build\Desktop/Master.bank', mode=0x02010082
[LOG] SystemI::createSoundInternal             :     exinfo->cbsize             = 224
[LOG] SystemI::createSoundInternal             :     exinfo->length             = 1628320
[LOG] SystemI::createSoundInternal             :     exinfo->fileoffset         = 9504
[LOG] SystemI::createSoundInternal             :     exinfo->numsubsounds       = 1
[LOG] SystemI::createSoundInternal             :     exinfo->inclusionlist      = 000001EFF4E86800
[LOG] SystemI::createSoundInternal             :     exinfo->inclusionlistnum   = 1
[LOG] SystemI::createSoundInternal             :     exinfo->suggestedsoundtype = 5
[LOG] SystemI::createSoundInternal             :     exinfo->initialseekposition = 13062
[LOG] SystemI::createSoundInternal             :     exinfo->initialseekpostype = 1
[LOG] SystemI::createSoundInternal             :     Stream 0/1: name='346642__inspectorj__rain-on-windows-interior-a', format=2, channels=2, frequency=48000, lengthbytes=396640, lengthpcm=1512850, pcmblocksize=0, loopstart=0, loopend=0, mode=0x00000000, channelmask=0x00000000, channelorder=0, peakvolume=0.154236.
[LOG] AsyncThread::threadFunc                  : Finished Asynchronous operation on sound 000001EFE155BD38
[LOG] SoundI::getSubSound                      : sound 000001EFE155BEE8.  Subsound index 0 / 1
[LOG] SoundI::getSubSound                      : sound 000001EFE155BD38.  Subsound index 0 / 1
[LOG] SoundI::release                          : 346642__inspectorj__rain-on-windows-interior-a (000001EFE155C758)
[LOG] SoundI::release                          :     346642__inspectorj__rain-on-windows-interior-a (000001EFB1A696E8)
[LOG] SoundI::release                          :     346642__inspectorj__rain-on-windows-interior-a (000001EFDC2CC5A8)
[LOG] SoundI::release                          : 346642__inspectorj__rain-on-windows-interior-a (000001EFF4931ED8)
[LOG] SoundI::release                          :     346642__inspectorj__rain-on-windows-interior-a (000001EFF40E0D98)
[LOG] SoundI::release                          :     346642__inspectorj__rain-on-windows-interior-a (000001EFDC2CC908)
[LOG] Manager::readBank                        : fileversion = 125, compatVersion = 119 (oldest = 44, newest = 125)
[LOG] Manager::readBank                        : fileversion = 125, compatVersion = 119 (oldest = 44, newest = 125)
[LOG] Manager::readBank                        : fileversion = 125, compatVersion = 119 (oldest = 44, newest = 125)
[LOG] Manager::readBank                        : fileversion = 125, compatVersion = 119 (oldest = 44, newest = 125)
[LOG] SystemI::createSound                     : filename = fmod\ProjectVrij1\Build\Desktop/Master.bank : mode 02010082
[LOG] SystemI::createSound                     : FMOD_NONBLOCKING specified.  Putting into queue to be opened asynchronously!
[LOG] SystemI::createSound                     : setdata soundi = 000001F01D4C1BA8 : node = 000001F01D4BF450
[LOG] SystemI::createSound                     : add node to async list : head = 000001EFF4DB3968.  list count = 0
[LOG] AsyncThread::threadFunc                  : Starting Asynchronous operation on sound 000001F01D4C1BA8
[LOG] SystemI::createSound                     : filename = fmod\ProjectVrij1\Build\Desktop/Master.bank : mode 02010082
[LOG] SystemI::createSoundInternal             :     Create name='fmod\ProjectVrij1\Build\Desktop/Master.bank', mode=0x02010082
[LOG] SystemI::createSound                     :     FMOD_NONBLOCKING specified.  Putting into queue to be opened asynchronously!
[LOG] SystemI::createSoundInternal             :     exinfo->cbsize             = 224
[LOG] SystemI::createSound                     :     setdata soundi = 000001F01D4C1D58 : node = 000001F01D4BF1D0
[LOG] SystemI::createSoundInternal             :     exinfo->length             = 1628320
[LOG] SystemI::createSound                     :     add node to async list : head = 000001EFF4DB3968.  list count = 0
[LOG] SystemI::createSoundInternal             :     exinfo->fileoffset         = 9504
[LOG] SystemI::createSoundInternal             :     exinfo->numsubsounds       = 1
[LOG] SystemI::createSoundInternal             :     exinfo->inclusionlist      = 000001F01D4BF560
[LOG] SystemI::createSoundInternal             :     exinfo->inclusionlistnum   = 1
[LOG] SystemI::createSoundInternal             :     exinfo->suggestedsoundtype = 5
[LOG] SystemI::createSoundInternal             :     exinfo->initialseekpostype = 1
[LOG] SystemI::createSoundInternal             :     Stream 0/1: name='346642__inspectorj__rain-on-windows-interior-a', format=2, channels=2, frequency=48000, lengthbytes=396640, lengthpcm=1512850, pcmblocksize=0, loopstart=0, loopend=0, mode=0x00000000, channelmask=0x00000000, channelorder=0, peakvolume=0.154236.
[LOG] AsyncThread::threadFunc                  : Finished Asynchronous operation on sound 000001F01D4C1BA8
[LOG] AsyncThread::threadFunc                  : Starting Asynchronous operation on sound 000001F01D4C1D58
[LOG] SystemI::createSoundInternal             :     Create name='fmod\ProjectVrij1\Build\Desktop/Master.bank', mode=0x02010082
[LOG] SystemI::createSoundInternal             :     exinfo->cbsize             = 224
[LOG] SystemI::createSoundInternal             :     exinfo->length             = 1628320
[LOG] SystemI::createSoundInternal             :     exinfo->fileoffset         = 9504
[LOG] SystemI::createSoundInternal             :     exinfo->numsubsounds       = 1
[LOG] SystemI::createSoundInternal             :     exinfo->inclusionlist      = 000001F01D4BF2E0
[LOG] SystemI::createSoundInternal             :     exinfo->inclusionlistnum   = 1
[LOG] SystemI::createSoundInternal             :     exinfo->suggestedsoundtype = 5
[LOG] SystemI::createSoundInternal             :     exinfo->initialseekpostype = 1
[LOG] SystemI::createSoundInternal             :     Stream 0/1: name='346642__inspectorj__rain-on-windows-interior-a', format=2, channels=2, frequency=48000, lengthbytes=396640, lengthpcm=1512850, pcmblocksize=0, loopstart=0, loopend=0, mode=0x00000000, channelmask=0x00000000, channelorder=0, peakvolume=0.154236.
[LOG] AsyncThread::threadFunc                  : Finished Asynchronous operation on sound 000001F01D4C1D58
[LOG] SoundI::getSubSound                      : sound 000001F01D4C1BA8.  Subsound index 0 / 1
[LOG] SoundI::getSubSound                      : sound 000001F01D4C1D58.  Subsound index 0 / 1
[LOG] AsyncThread::threadFunc                  : Starting Asynchronous operation on sound 000001EFB09ACDF8
[LOG] AsyncThread::threadFunc                  : Finished Asynchronous operation on sound 000001EFB09ACDF8
[LOG] AsyncThread::threadFunc                  : Starting Asynchronous operation on sound 000001F01DE28768
[LOG] AsyncThread::threadFunc                  : Finished Asynchronous operation on sound 000001F01DE28768
[LOG] SoundI::release                          : 346642__inspectorj__rain-on-windows-interior-a (000001EFE155BD38)
[LOG] SoundI::release                          :     346642__inspectorj__rain-on-windows-interior-a (000001EFB18653B8)
[LOG] SoundI::release                          :     346642__inspectorj__rain-on-windows-interior-a (000001EF52996258)
[LOG] SoundI::release                          : 346642__inspectorj__rain-on-windows-interior-a (000001EFE155BEE8)
[LOG] SoundI::release                          :     346642__inspectorj__rain-on-windows-interior-a (000001EFB1865218)
[LOG] SoundI::release                          :     346642__inspectorj__rain-on-windows-interior-a (000001EF529965B8)
[LOG] Manager::readBank                        : fileversion = 125, compatVersion = 119 (oldest = 44, newest = 125)
[LOG] Manager::readBank                        : fileversion = 125, compatVersion = 119 (oldest = 44, newest = 125)
[LOG] SystemI::createSound                     : filename = fmod\ProjectVrij1\Build\Desktop/Master.bank : mode 02010082
[LOG] SystemI::createSound                     : FMOD_NONBLOCKING specified.  Putting into queue to be opened asynchronously!
[LOG] SystemI::createSound                     : setdata soundi = 000001EF529960A8 : node = 000001EFAFF64D40
[LOG] SystemI::createSound                     : add node to async list : head = 000001EFF4DB3968.  list count = 0
[LOG] AsyncThread::threadFunc                  : Starting Asynchronous operation on sound 000001EF529960A8
[LOG] SystemI::createSound                     : filename = fmod\ProjectVrij1\Build\Desktop/Master.bank : mode 02010082
[LOG] SystemI::createSoundInternal             :     Create name='fmod\ProjectVrij1\Build\Desktop/Master.bank', mode=0x02010082
[LOG] SystemI::createSound                     :     FMOD_NONBLOCKING specified.  Putting into queue to be opened asynchronously!
[LOG] SystemI::createSoundInternal             :     exinfo->cbsize             = 224
[LOG] SystemI::createSound                     :     setdata soundi = 000001EF529965B8 : node = 000001EFAFF64200
[LOG] SystemI::createSoundInternal             :     exinfo->length             = 1628320
[LOG] SystemI::createSound                     :     add node to async list : head = 000001EFF4DB3968.  list count = 0
[LOG] SystemI::createSoundInternal             :     exinfo->fileoffset         = 9504
[LOG] SystemI::createSoundInternal             :     exinfo->numsubsounds       = 1
[LOG] SystemI::createSoundInternal             :     exinfo->inclusionlist      = 000001EFAFF64E50
[LOG] SystemI::createSoundInternal             :     exinfo->inclusionlistnum   = 1
[LOG] SystemI::createSoundInternal             :     exinfo->suggestedsoundtype = 5
[LOG] SystemI::createSoundInternal             :     exinfo->initialseekposition = 13062
[LOG] SystemI::createSoundInternal             :     exinfo->initialseekpostype = 1
[LOG] SystemI::createSoundInternal             :     Stream 0/1: name='346642__inspectorj__rain-on-windows-interior-a', format=2, channels=2, frequency=48000, lengthbytes=396640, lengthpcm=1512850, pcmblocksize=0, loopstart=0, loopend=0, mode=0x00000000, channelmask=0x00000000, channelorder=0, peakvolume=0.154236.
[LOG] AsyncThread::threadFunc                  : Finished Asynchronous operation on sound 000001EF529960A8
[LOG] AsyncThread::threadFunc                  : Starting Asynchronous operation on sound 000001EF529965B8
[LOG] SystemI::createSoundInternal             :     Create name='fmod\ProjectVrij1\Build\Desktop/Master.bank', mode=0x02010082
[LOG] SystemI::createSoundInternal             :     exinfo->cbsize             = 224
[LOG] SystemI::createSoundInternal             :     exinfo->length             = 1628320
[LOG] SystemI::createSoundInternal             :     exinfo->fileoffset         = 9504
[LOG] SystemI::createSoundInternal             :     exinfo->numsubsounds       = 1
[LOG] SystemI::createSoundInternal             :     exinfo->inclusionlist      = 000001EFAFF64310
[LOG] SystemI::createSoundInternal             :     exinfo->inclusionlistnum   = 1
[LOG] SystemI::createSoundInternal             :     exinfo->suggestedsoundtype = 5
[LOG] SystemI::createSoundInternal             :     exinfo->initialseekposition = 13062
[LOG] SystemI::createSoundInternal             :     exinfo->initialseekpostype = 1
[LOG] SystemI::createSoundInternal             :     Stream 0/1: name='346642__inspectorj__rain-on-windows-interior-a', format=2, channels=2, frequency=48000, lengthbytes=396640, lengthpcm=1512850, pcmblocksize=0, loopstart=0, loopend=0, mode=0x00000000, channelmask=0x00000000, channelorder=0, peakvolume=0.154236.
[LOG] AsyncThread::threadFunc                  : Finished Asynchronous operation on sound 000001EF529965B8
[LOG] SoundI::getSubSound                      : sound 000001EF529960A8.  Subsound index 0 / 1
[LOG] SoundI::getSubSound                      : sound 000001EF529965B8.  Subsound index 0 / 1
[LOG] Manager::readBank                        : fileversion = 125, compatVersion = 119 (oldest = 44, newest = 125)
[LOG] SoundI::release                          : 346642__inspectorj__rain-on-windows-interior-a (000001F01D4C1D58)
[LOG] SoundI::release                          :     346642__inspectorj__rain-on-windows-interior-a (000001EFF4DA5E48)
[LOG] SoundI::release                          :     346642__inspectorj__rain-on-windows-interior-a (000001EFB09ACDF8)
[LOG] SoundI::release                          : 346642__inspectorj__rain-on-windows-interior-a (000001F01D4C1BA8)
[LOG] SoundI::release                          :     346642__inspectorj__rain-on-windows-interior-a (000001EFF4DA5968)
[LOG] SoundI::release                          :     346642__inspectorj__rain-on-windows-interior-a (000001F01DE28768)
[LOG] Manager::readBank                        : fileversion = 125, compatVersion = 119 (oldest = 44, newest = 125)
[LOG] Manager::readBank                        : fileversion = 125, compatVersion = 119 (oldest = 44, newest = 125)
[LOG] SystemI::createSound                     : filename = fmod\ProjectVrij1\Build\Desktop/Master.bank : mode 02010082
[LOG] SystemI::createSound                     : FMOD_NONBLOCKING specified.  Putting into queue to be opened asynchronously!
[LOG] SystemI::createSound                     : setdata soundi = 000001EF52996258 : node = 000001EFB09AC1D0
[LOG] SystemI::createSound                     : add node to async list : head = 000001EFF4DB3968.  list count = 0
[LOG] SystemI::createSound                     : filename = fmod\ProjectVrij1\Build\Desktop/Master.bank : mode 02010082
[LOG] SystemI::createSound                     : FMOD_NONBLOCKING specified.  Putting into queue to be opened asynchronously!
[LOG] AsyncThread::threadFunc                  : Starting Asynchronous operation on sound 000001EF52996258
[LOG] SystemI::createSoundInternal             :     Create name='fmod\ProjectVrij1\Build\Desktop/Master.bank', mode=0x02010082
[LOG] SystemI::createSoundInternal             :     exinfo->cbsize             = 224
[LOG] SystemI::createSound                     :     setdata soundi = 000001EFE155C908 : node = 000001EFB09AC090
[LOG] SystemI::createSoundInternal             :     exinfo->length             = 1628320
[LOG] SystemI::createSound                     :     add node to async list : head = 000001EFF4DB3968.  list count = 0
[LOG] SystemI::createSoundInternal             :     exinfo->fileoffset         = 9504
[LOG] SystemI::createSoundInternal             :     exinfo->numsubsounds       = 1
[LOG] SystemI::createSoundInternal             :     exinfo->inclusionlist      = 000001EFB09AC2E0
[LOG] SystemI::createSoundInternal             :     exinfo->inclusionlistnum   = 1
[LOG] SystemI::createSoundInternal             :     exinfo->suggestedsoundtype = 5
[LOG] SystemI::createSoundInternal             :     exinfo->initialseekposition = 40000
[LOG] SystemI::createSoundInternal             :     exinfo->initialseekpostype = 1
[LOG] SystemI::createSoundInternal             :     Stream 0/1: name='519175__klankbeeld__waterfront-river-spring-03-200418-0154', format=2, channels=2, frequency=48000, lengthbytes=1230464, lengthpcm=4380134, pcmblocksize=0, loopstart=0, loopend=0, mode=0x00000000, channelmask=0x00000000, channelorder=0, peakvolume=0.172007.
[LOG] AsyncThread::threadFunc                  : Finished Asynchronous operation on sound 000001EF52996258
[LOG] AsyncThread::threadFunc                  : Starting Asynchronous operation on sound 000001EFE155C908
[LOG] SystemI::createSoundInternal             :     Create name='fmod\ProjectVrij1\Build\Desktop/Master.bank', mode=0x02010082
[LOG] SystemI::createSoundInternal             :     exinfo->cbsize             = 224
[LOG] SystemI::createSoundInternal             :     exinfo->length             = 1628320
[LOG] SystemI::createSoundInternal             :     exinfo->fileoffset         = 9504
[LOG] SystemI::createSoundInternal             :     exinfo->numsubsounds       = 1
[LOG] SystemI::createSoundInternal             :     exinfo->inclusionlist      = 000001EFB09AC1A0
[LOG] SystemI::createSoundInternal             :     exinfo->inclusionlistnum   = 1
[LOG] SystemI::createSoundInternal             :     exinfo->suggestedsoundtype = 5
[LOG] SystemI::createSoundInternal             :     exinfo->initialseekposition = 40000
[LOG] SystemI::createSoundInternal             :     exinfo->initialseekpostype = 1
[LOG] SystemI::createSoundInternal             :     Stream 0/1: name='519175__klankbeeld__waterfront-river-spring-03-200418-0154', format=2, channels=2, frequency=48000, lengthbytes=1230464, lengthpcm=4380134, pcmblocksize=0, loopstart=0, loopend=0, mode=0x00000000, channelmask=0x00000000, channelorder=0, peakvolume=0.172007.
[LOG] AsyncThread::threadFunc                  : Finished Asynchronous operation on sound 000001EFE155C908
[LOG] SoundI::getSubSound                      : sound 000001EF52996258.  Subsound index 0 / 1
[LOG] SoundI::getSubSound                      : sound 000001EFE155C908.  Subsound index 0 / 1
[LOG] SoundI::release                          : 346642__inspectorj__rain-on-windows-interior-a (000001EF529965B8)
[LOG] SoundI::release                          :     346642__inspectorj__rain-on-windows-interior-a (000001EFAEC17DD8)
[LOG] SoundI::release                          :     346642__inspectorj__rain-on-windows-interior-a (000001EFB2DB4D58)
[LOG] SoundI::release                          : 346642__inspectorj__rain-on-windows-interior-a (000001EF529960A8)
[LOG] SoundI::release                          :     346642__inspectorj__rain-on-windows-interior-a (000001EFAEC18118)
[LOG] SoundI::release                          :     346642__inspectorj__rain-on-windows-interior-a (000001EFB2DB4BA8)
[LOG] SystemI::createSound                     : filename = fmod\ProjectVrij1\Build\Desktop/Master.bank : mode 02010082
[LOG] SystemI::createSound                     : FMOD_NONBLOCKING specified.  Putting into queue to be opened asynchronously!
[LOG] SystemI::createSound                     : setdata soundi = 000001EFF4931ED8 : node = 000001EFF4E86BF0
[LOG] SystemI::createSound                     : add node to async list : head = 000001EFF4DB3968.  list count = 0
[LOG] AsyncThread::threadFunc                  : Starting Asynchronous operation on sound 000001EFF4931ED8
[LOG] SystemI::createSound                     : filename = fmod\ProjectVrij1\Build\Desktop/Master.bank : mode 02010082
[LOG] SystemI::createSoundInternal             :     Create name='fmod\ProjectVrij1\Build\Desktop/Master.bank', mode=0x02010082
[LOG] SystemI::createSound                     :     FMOD_NONBLOCKING specified.  Putting into queue to be opened asynchronously!
[LOG] SystemI::createSoundInternal             :     exinfo->cbsize             = 224
[LOG] SystemI::createSoundInternal             :     exinfo->length             = 1628320
[LOG] SystemI::createSound                     :     setdata soundi = 000001EFF4932238 : node = 000001EFF4E865B0
[LOG] SystemI::createSoundInternal             :     exinfo->fileoffset         = 9504
[LOG] SystemI::createSound                     :     add node to async list : head = 000001EFF4DB3968.  list count = 0
[LOG] SystemI::createSoundInternal             :     exinfo->numsubsounds       = 1
[LOG] SystemI::createSoundInternal             :     exinfo->inclusionlist      = 000001EFF4E86D00
[LOG] SystemI::createSoundInternal             :     exinfo->inclusionlistnum   = 1
[LOG] SystemI::createSoundInternal             :     exinfo->suggestedsoundtype = 5
[LOG] SystemI::createSoundInternal             :     exinfo->initialseekposition = 13062
[LOG] SystemI::createSoundInternal             :     exinfo->initialseekpostype = 1
[LOG] SystemI::createSoundInternal             :     Stream 0/1: name='346642__inspectorj__rain-on-windows-interior-a', format=2, channels=2, frequency=48000, lengthbytes=396640, lengthpcm=1512850, pcmblocksize=0, loopstart=0, loopend=0, mode=0x00000000, channelmask=0x00000000, channelorder=0, peakvolume=0.154236.
[LOG] AsyncThread::threadFunc                  : Finished Asynchronous operation on sound 000001EFF4931ED8
[LOG] AsyncThread::threadFunc                  : Starting Asynchronous operation on sound 000001EFF4932238
[LOG] SystemI::createSoundInternal             :     Create name='fmod\ProjectVrij1\Build\Desktop/Master.bank', mode=0x02010082
[LOG] SystemI::createSoundInternal             :     exinfo->cbsize             = 224
[LOG] SystemI::createSoundInternal             :     exinfo->length             = 1628320
[LOG] SystemI::createSoundInternal             :     exinfo->fileoffset         = 9504
[LOG] SystemI::createSoundInternal             :     exinfo->numsubsounds       = 1
[LOG] SystemI::createSoundInternal             :     exinfo->inclusionlist      = 000001EFF4E866C0
[LOG] SystemI::createSoundInternal             :     exinfo->inclusionlistnum   = 1
[LOG] SystemI::createSoundInternal             :     exinfo->suggestedsoundtype = 5
[LOG] SystemI::createSoundInternal             :     exinfo->initialseekposition = 13062
[LOG] SystemI::createSoundInternal             :     exinfo->initialseekpostype = 1
[LOG] SystemI::createSoundInternal             :     Stream 0/1: name='346642__inspectorj__rain-on-windows-interior-a', format=2, channels=2, frequency=48000, lengthbytes=396640, lengthpcm=1512850, pcmblocksize=0, loopstart=0, loopend=0, mode=0x00000000, channelmask=0x00000000, channelorder=0, peakvolume=0.154236.
[LOG] AsyncThread::threadFunc                  : Finished Asynchronous operation on sound 000001EFF4932238
[LOG] SoundI::getSubSound                      : sound 000001EFF4931ED8.  Subsound index 0 / 1
[LOG] SoundI::getSubSound                      : sound 000001EFF4932238.  Subsound index 0 / 1
[LOG] SoundI::release                          : 519175__klankbeeld__waterfront-river-spring-03-200418-0154 (000001EFE155C908)
[LOG] SoundI::release                          :     519175__klankbeeld__waterfront-river-spring-03-200418-0154 (000001EFAEC18AD8)
[LOG] SoundI::release                          :     519175__klankbeeld__waterfront-river-spring-03-200418-0154 (000001F01DD5E078)
[LOG] SoundI::release                          : 519175__klankbeeld__waterfront-river-spring-03-200418-0154 (000001EF52996258)
[LOG] SoundI::release                          :     519175__klankbeeld__waterfront-river-spring-03-200418-0154 (000001EFAEC18938)
[LOG] SoundI::release                          :     519175__klankbeeld__waterfront-river-spring-03-200418-0154 (000001F01DD5DD18)
[LOG] SystemI::createSound                     : filename = fmod\ProjectVrij1\Build\Desktop/Master.bank : mode 02010082
[LOG] SystemI::createSound                     : FMOD_NONBLOCKING specified.  Putting into queue to be opened asynchronously!
[LOG] SystemI::createSound                     : setdata soundi = 000001EFF4931D28 : node = 000001EFF4E866F0
[LOG] SystemI::createSound                     : add node to async list : head = 000001EFF4DB3968.  list count = 0
[LOG] AsyncThread::threadFunc                  : Starting Asynchronous operation on sound 000001EFF4931D28
[LOG] SystemI::createSound                     : filename = fmod\ProjectVrij1\Build\Desktop/Master.bank : mode 02010082
[LOG] SystemI::createSoundInternal             :     Create name='fmod\ProjectVrij1\Build\Desktop/Master.bank', mode=0x02010082
[LOG] SystemI::createSound                     :     FMOD_NONBLOCKING specified.  Putting into queue to be opened asynchronously!
[LOG] SystemI::createSoundInternal             :     exinfo->cbsize             = 224
[LOG] SystemI::createSoundInternal             :     exinfo->length             = 1628320
[LOG] SystemI::createSoundInternal             :     exinfo->fileoffset         = 9504
[LOG] SystemI::createSoundInternal             :     exinfo->numsubsounds       = 1
[LOG] SystemI::createSoundInternal             :     exinfo->inclusionlist      = 000001EFF4E86800
[LOG] SystemI::createSoundInternal             :     exinfo->inclusionlistnum   = 1
[LOG] SystemI::createSoundInternal             :     exinfo->suggestedsoundtype = 5
[LOG] SystemI::createSoundInternal             :     exinfo->initialseekposition = 40000
[LOG] SystemI::createSound                     :     setdata soundi = 000001EFF4A9EC88 : node = 000001EFF4E86830
[LOG] SystemI::createSoundInternal             :     exinfo->initialseekpostype = 1
[LOG] SystemI::createSound                     :     add node to async list : head = 000001EFF4DB3968.  list count = 0
[LOG] SystemI::createSoundInternal             :     Stream 0/1: name='519175__klankbeeld__waterfront-river-spring-03-200418-0154', format=2, channels=2, frequency=48000, lengthbytes=1230464, lengthpcm=4380134, pcmblocksize=0, loopstart=0, loopend=0, mode=0x00000000, channelmask=0x00000000, channelorder=0, peakvolume=0.172007.
[LOG] AsyncThread::threadFunc                  : Finished Asynchronous operation on sound 000001EFF4931D28
[LOG] AsyncThread::threadFunc                  : Starting Asynchronous operation on sound 000001EFF4A9EC88
[LOG] SystemI::createSoundInternal             :     Create name='fmod\ProjectVrij1\Build\Desktop/Master.bank', mode=0x02010082
[LOG] SystemI::createSoundInternal             :     exinfo->cbsize             = 224
[LOG] SystemI::createSoundInternal             :     exinfo->length             = 1628320
[LOG] SystemI::createSoundInternal             :     exinfo->fileoffset         = 9504
[LOG] SystemI::createSoundInternal             :     exinfo->numsubsounds       = 1
[LOG] SystemI::createSoundInternal             :     exinfo->inclusionlist      = 000001EFF4E86940
[LOG] SystemI::createSoundInternal             :     exinfo->inclusionlistnum   = 1
[LOG] SystemI::createSoundInternal             :     exinfo->suggestedsoundtype = 5
[LOG] SystemI::createSoundInternal             :     exinfo->initialseekposition = 40000
[LOG] SystemI::createSoundInternal             :     exinfo->initialseekpostype = 1
[LOG] SystemI::createSoundInternal             :     Stream 0/1: name='519175__klankbeeld__waterfront-river-spring-03-200418-0154', format=2, channels=2, frequency=48000, lengthbytes=1230464, lengthpcm=4380134, pcmblocksize=0, loopstart=0, loopend=0, mode=0x00000000, channelmask=0x00000000, channelorder=0, peakvolume=0.172007.
[LOG] AsyncThread::threadFunc                  : Finished Asynchronous operation on sound 000001EFF4A9EC88
[LOG] SoundI::getSubSound                      : sound 000001EFF4931D28.  Subsound index 0 / 1
[LOG] SoundI::getSubSound                      : sound 000001EFF4A9EC88.  Subsound index 0 / 1
[LOG] SoundI::release                          : 346642__inspectorj__rain-on-windows-interior-a (000001EFF4932238)
[LOG] SoundI::release                          :     346642__inspectorj__rain-on-windows-interior-a (000001EFAEC18C78)
[LOG] SoundI::release                          :     346642__inspectorj__rain-on-windows-interior-a (000001F01DD5E738)
[LOG] SoundI::release                          : 346642__inspectorj__rain-on-windows-interior-a (000001EFF4931ED8)
[LOG] SoundI::release                          :     346642__inspectorj__rain-on-windows-interior-a (000001EFAEC192F8)
[LOG] SoundI::release                          :     346642__inspectorj__rain-on-windows-interior-a (000001F01DD5E588)
[LOG] SystemI::createSound                     : filename = fmod\ProjectVrij1\Build\Desktop/Master.bank : mode 02010082
[LOG] SystemI::createSound                     : FMOD_NONBLOCKING specified.  Putting into queue to be opened asynchronously!
[LOG] SystemI::createSound                     : setdata soundi = 000001EFF4A9E268 : node = 000001EFF4E86BF0
[LOG] SystemI::createSound                     : add node to async list : head = 000001EFF4DB3968.  list count = 0
[LOG] AsyncThread::threadFunc                  : Starting Asynchronous operation on sound 000001EFF4A9E268
[LOG] SystemI::createSound                     :     filename = fmod\ProjectVrij1\Build\Desktop/Master.bank : mode 02010082
[LOG] SystemI::createSoundInternal             :     Create name='fmod\ProjectVrij1\Build\Desktop/Master.bank', mode=0x02010082
[LOG] SystemI::createSound                     :     FMOD_NONBLOCKING specified.  Putting into queue to be opened asynchronously!
[LOG] SystemI::createSoundInternal             :     exinfo->cbsize             = 224
[LOG] SystemI::createSound                     :     setdata soundi = 000001EFF4A9E5C8 : node = 000001EFF4E865B0
[LOG] SystemI::createSoundInternal             :     exinfo->length             = 1628320
[LOG] SystemI::createSound                     :     add node to async list : head = 000001EFF4DB3968.  list count = 0
[LOG] SystemI::createSoundInternal             :     exinfo->fileoffset         = 9504
[LOG] SystemI::createSoundInternal             :     exinfo->numsubsounds       = 1
[LOG] SystemI::createSoundInternal             :     exinfo->inclusionlist      = 000001EFF4E86D00
[LOG] SystemI::createSoundInternal             :     exinfo->inclusionlistnum   = 1
[LOG] SystemI::createSoundInternal             :     exinfo->suggestedsoundtype = 5
[LOG] SystemI::createSoundInternal             :     exinfo->initialseekposition = 13062
[LOG] SystemI::createSoundInternal             :     exinfo->initialseekpostype = 1
[LOG] SystemI::createSoundInternal             :     Stream 0/1: name='346642__inspectorj__rain-on-windows-interior-a', format=2, channels=2, frequency=48000, lengthbytes=396640, lengthpcm=1512850, pcmblocksize=0, loopstart=0, loopend=0, mode=0x00000000, channelmask=0x00000000, channelorder=0, peakvolume=0.154236.
[LOG] AsyncThread::threadFunc                  : Finished Asynchronous operation on sound 000001EFF4A9E268
[LOG] AsyncThread::threadFunc                  : Starting Asynchronous operation on sound 000001EFF4A9E5C8
[LOG] SystemI::createSoundInternal             :     Create name='fmod\ProjectVrij1\Build\Desktop/Master.bank', mode=0x02010082
[LOG] SystemI::createSoundInternal             :     exinfo->cbsize             = 224
[LOG] SystemI::createSoundInternal             :     exinfo->length             = 1628320
[LOG] SystemI::createSoundInternal             :     exinfo->fileoffset         = 9504
[LOG] SystemI::createSoundInternal             :     exinfo->numsubsounds       = 1
[LOG] SystemI::createSoundInternal             :     exinfo->inclusionlist      = 000001EFF4E866C0
[LOG] SystemI::createSoundInternal             :     exinfo->inclusionlistnum   = 1
[LOG] SystemI::createSoundInternal             :     exinfo->suggestedsoundtype = 5
[LOG] SystemI::createSoundInternal             :     exinfo->initialseekposition = 13062
[LOG] SystemI::createSoundInternal             :     exinfo->initialseekpostype = 1
[LOG] SystemI::createSoundInternal             :     Stream 0/1: name='346642__inspectorj__rain-on-windows-interior-a', format=2, channels=2, frequency=48000, lengthbytes=396640, lengthpcm=1512850, pcmblocksize=0, loopstart=0, loopend=0, mode=0x00000000, channelmask=0x00000000, channelorder=0, peakvolume=0.154236.
[LOG] AsyncThread::threadFunc                  : Finished Asynchronous operation on sound 000001EFF4A9E5C8
[LOG] SoundI::getSubSound                      : sound 000001EFF4A9E268.  Subsound index 0 / 1
[LOG] SoundI::getSubSound                      : sound 000001EFF4A9E5C8.  Subsound index 0 / 1
[LOG] SoundI::release                          : 519175__klankbeeld__waterfront-river-spring-03-200418-0154 (000001EFF4A9EC88)
[LOG] SoundI::release                          :     519175__klankbeeld__waterfront-river-spring-03-200418-0154 (000001EFAEC182B8)
[LOG] SoundI::release                          :     519175__klankbeeld__waterfront-river-spring-03-200418-0154 (000001F01DD5D9B8)
[LOG] SoundI::release                          : 519175__klankbeeld__waterfront-river-spring-03-200418-0154 (000001EFF4931D28)
[LOG] SoundI::release                          :     519175__klankbeeld__waterfront-river-spring-03-200418-0154 (000001EFAEC178F8)
[LOG] SoundI::release                          :     519175__klankbeeld__waterfront-river-spring-03-200418-0154 (000001F01DD5E8E8)
[LOG] Manager::readBank                        : fileversion = 125, compatVersion = 119 (oldest = 44, newest = 125)
[LOG] SoundI::release                          : 346642__inspectorj__rain-on-windows-interior-a (000001EFF4A9E5C8)
[LOG] SoundI::release                          :     346642__inspectorj__rain-on-windows-interior-a (000001EFAEC18C78)
[LOG] SoundI::release                          :     346642__inspectorj__rain-on-windows-interior-a (000001F01DD5E078)
[LOG] SoundI::release                          : 346642__inspectorj__rain-on-windows-interior-a (000001EFF4A9E268)
[LOG] SoundI::release                          :     346642__inspectorj__rain-on-windows-interior-a (000001EFAEC17A98)
[LOG] SoundI::release                          :     346642__inspectorj__rain-on-windows-interior-a (000001F01DD5D808)
[LOG] Thread::callback                         : FMOD Studio update thread finished.
[LOG] Thread::callback                         : FMOD Studio bank load thread finished.
[LOG] Profile::disconnectAll                   : Profiler disconnecting all clients
[LOG] Thread::callback                         : FMOD Studio sample load thread finished.
[LOG] LiveUpdate::release                      : 
[LOG] LiveUpdate::reset                        : Reset connection (reason Disconnected)
[LOG] Thread::callback                         : FMOD stream thread finished.
[LOG] Thread::callback                         : FMOD mixer thread finished.
[LOG] Profile::disconnectAll                   : Profiler disconnecting all clients
[LOG] SystemI::close                           : Closed.
[LOG] Manager::readBank                        : fileversion = 125, compatVersion = 119 (oldest = 44, newest = 125)
[LOG] Manager::readBank                        : fileversion = 125, compatVersion = 119 (oldest = 44, newest = 125)
[LOG] Manager::readBank                        : fileversion = 125, compatVersion = 119 (oldest = 44, newest = 125)
[LOG] PlaybackSystem::acquireMasterBus         : Setting master channel group format to 6
[LOG] Manager::readBank                        : fileversion = 125, compatVersion = 119 (oldest = 44, newest = 125)
[LOG] Manager::readBank                        : fileversion = 125, compatVersion = 119 (oldest = 44, newest = 125)
[LOG] Manager::readBank                        : fileversion = 125, compatVersion = 119 (oldest = 44, newest = 125)
[LOG] PlaybackSystem::acquireMasterBus         : Setting master channel group format to 6
[LOG] Thread::callback                         : FMOD Studio bank load thread finished.
[LOG] Thread::callback                         : FMOD Studio sample load thread finished.
[LOG] LiveUpdate::release                      : 
[LOG] LiveUpdate::reset                        : Reset connection (reason Disconnected)
[LOG] Thread::callback                         : FMOD stream thread finished.
[LOG] Thread::callback                         : FMOD mixer thread finished.
[LOG] Thread::callback                         : FMOD nonblocking thread (0) finished.
[LOG] Thread::callback                         : FMOD file thread finished.
[LOG] SystemI::close                           : Closed.
